<?xml version="1.0" ?>
<!DOCTYPE coverage
  SYSTEM 'http://cobertura.sourceforge.net/xml/coverage-03.dtd'>
<coverage branch-rate="0.901768172888" line-rate="0.998993963783" timestamp="1710234820" version="gcovr 3.3">
<sources>
<source>/home/jenkins/workspace_accp/workspace/se_package_release_RSPP_02.01.00/RSPP/modules/F360Core/sw/rspp</source>
</sources>
<packages>
<package branch-rate="0.5" complexity="0.0" line-rate="1.0" name="include">
<classes>
<class branch-rate="0.0" complexity="0.0" filename="include/rspp_math.h" line-rate="1.0" name="rspp_math_h">
<methods/>
<lines>
<line branch="false" hits="641" number="23"/>
<line branch="false" hits="3" number="49"/>
<line branch="false" hits="222" number="50"/>
<line branch="false" hits="2" number="51"/>
<line branch="false" hits="34" number="52"/>
<line branch="false" hits="11" number="53"/>
<line branch="false" hits="2" number="54"/>
<line branch="false" hits="231" number="57"/>
<line branch="false" hits="23" number="58"/>
</lines>
</class>
<class branch-rate="0.5" complexity="0.0" filename="include/rspp_radar_sensor.h" line-rate="1.0" name="rspp_radar_sensor_h">
<methods/>
<lines>
<line branch="true" condition-coverage="50% (1/2)" hits="5" number="63">
<conditions>
<condition coverage="50%" number="0" type="jump"/>
</conditions>
</line>
<line branch="false" hits="5" number="95"/>
</lines>
</class>
</classes>
</package>
<package branch-rate="0.903353057199" complexity="0.0" line-rate="0.998982706002" name="source">
<classes>
<class branch-rate="1.0" complexity="0.0" filename="source/rspp_calibrations.cpp" line-rate="1.0" name="rspp_calibrations_cpp">
<methods/>
<lines>
<line branch="false" hits="73" number="45"/>
<line branch="false" hits="73" number="47"/>
<line branch="false" hits="73" number="50"/>
<line branch="false" hits="73" number="53"/>
<line branch="false" hits="73" number="56"/>
<line branch="true" condition-coverage="100% (2/2)" hits="2336" number="62">
<conditions>
<condition coverage="100%" number="0" type="jump"/>
</conditions>
</line>
<line branch="false" hits="2263" number="64"/>
<line branch="false" hits="73" number="67"/>
<line branch="false" hits="73" number="68"/>
<line branch="false" hits="73" number="71"/>
<line branch="false" hits="73" number="72"/>
<line branch="false" hits="73" number="73"/>
<line branch="false" hits="73" number="74"/>
<line branch="false" hits="73" number="75"/>
<line branch="false" hits="73" number="76"/>
<line branch="false" hits="73" number="77"/>
<line branch="false" hits="73" number="78"/>
<line branch="false" hits="73" number="79"/>
<line branch="false" hits="73" number="80"/>
<line branch="false" hits="73" number="83"/>
<line branch="false" hits="73" number="86"/>
<line branch="false" hits="73" number="87"/>
<line branch="false" hits="73" number="88"/>
<line branch="false" hits="73" number="89"/>
<line branch="false" hits="73" number="92"/>
<line branch="false" hits="73" number="93"/>
<line branch="false" hits="73" number="94"/>
<line branch="false" hits="73" number="95"/>
<line branch="false" hits="73" number="96"/>
<line branch="false" hits="73" number="97"/>
<line branch="false" hits="73" number="99"/>
<line branch="false" hits="73" number="102"/>
<line branch="false" hits="73" number="103"/>
<line branch="false" hits="73" number="104"/>
<line branch="false" hits="73" number="105"/>
<line branch="false" hits="73" number="106"/>
<line branch="false" hits="73" number="107"/>
<line branch="false" hits="73" number="110"/>
<line branch="false" hits="73" number="111"/>
<line branch="false" hits="73" number="112"/>
<line branch="false" hits="73" number="113"/>
<line branch="false" hits="73" number="114"/>
<line branch="false" hits="73" number="115"/>
<line branch="false" hits="73" number="116"/>
<line branch="false" hits="73" number="117"/>
<line branch="false" hits="73" number="118"/>
<line branch="false" hits="73" number="119"/>
<line branch="false" hits="73" number="120"/>
</lines>
</class>
<class branch-rate="0.8" complexity="0.0" filename="source/rspp_check_det_az_conf_and_elevation.cpp" line-rate="1.0" name="rspp_check_det_az_conf_and_elevation_cpp">
<methods/>
<lines>
<line branch="false" hits="310" number="59"/>
<line branch="true" condition-coverage="100% (2/2)" hits="310" number="65">
<conditions>
<condition coverage="100%" number="0" type="jump"/>
</conditions>
</line>
<line branch="true" condition-coverage="100% (3/3)" hits="302" number="67">
<conditions>
<condition coverage="100%" number="0" type="jump"/>
</conditions>
</line>
<line branch="false" hits="6" number="69"/>
<line branch="false" hits="6" number="71"/>
<line branch="false" hits="6" number="72"/>
<line branch="false" hits="113" number="74"/>
<line branch="false" hits="113" number="78"/>
<line branch="false" hits="113" number="79"/>
<line branch="false" hits="310" number="88"/>
<line branch="false" hits="6" number="119"/>
<line branch="false" hits="6" number="123"/>
<line branch="true" condition-coverage="50% (1/2)" hits="6" number="125">
<conditions>
<condition coverage="50%" number="0" type="jump"/>
</conditions>
</line>
<line branch="false" hits="6" number="127"/>
<line branch="false" hits="6" number="129"/>
<line branch="false" hits="6" number="161"/>
<line branch="false" hits="6" number="166"/>
<line branch="false" hits="6" number="167"/>
<line branch="false" hits="6" number="168"/>
<line branch="true" condition-coverage="50% (2/4)" hits="6" number="170">
<conditions>
<condition coverage="50%" number="0" type="jump"/>
</conditions>
</line>
<line branch="false" hits="6" number="203"/>
<line branch="true" condition-coverage="75% (3/4)" hits="9" number="208">
<conditions>
<condition coverage="75%" number="0" type="jump"/>
</conditions>
</line>
<line branch="false" hits="9" number="209"/>
<line branch="false" hits="6" number="213"/>
<line branch="false" hits="6" number="215"/>
<line branch="false" hits="113" number="246"/>
<line branch="false" hits="113" number="250"/>
<line branch="false" hits="113" number="252"/>
<line branch="true" condition-coverage="100% (2/2)" hits="39" number="253">
<conditions>
<condition coverage="100%" number="0" type="jump"/>
</conditions>
</line>
<line branch="true" condition-coverage="75% (3/4)" hits="134" number="254">
<conditions>
<condition coverage="75%" number="0" type="jump"/>
</conditions>
</line>
<line branch="false" hits="113" number="256"/>
<line branch="true" condition-coverage="50% (1/2)" hits="39" number="257">
<conditions>
<condition coverage="50%" number="0" type="jump"/>
</conditions>
</line>
<line branch="true" condition-coverage="75% (3/4)" hits="152" number="258">
<conditions>
<condition coverage="75%" number="0" type="jump"/>
</conditions>
</line>
<line branch="false" hits="113" number="260"/>
<line branch="true" condition-coverage="100% (4/4)" hits="113" number="261">
<conditions>
<condition coverage="100%" number="0" type="jump"/>
</conditions>
</line>
<line branch="true" condition-coverage="100% (4/4)" hits="113" number="263">
<conditions>
<condition coverage="100%" number="0" type="jump"/>
</conditions>
</line>
<line branch="false" hits="82" number="267"/>
<line branch="false" hits="113" number="269"/>
</lines>
</class>
<class branch-rate="1.0" complexity="0.0" filename="source/rspp_compute_detections_properties.cpp" line-rate="1.0" name="rspp_compute_detections_properties_cpp">
<methods/>
<lines>
<line branch="false" hits="8" number="50"/>
<line branch="false" hits="8" number="55"/>
<line branch="false" hits="8" number="56"/>
<line branch="false" hits="4" number="89"/>
<line branch="false" hits="4" number="96"/>
<line branch="true" condition-coverage="100% (2/2)" hits="12" number="98">
<conditions>
<condition coverage="100%" number="0" type="jump"/>
</conditions>
</line>
<line branch="false" hits="8" number="100"/>
<line branch="false" hits="8" number="101"/>
<line branch="false" hits="8" number="102"/>
<line branch="false" hits="8" number="104"/>
<line branch="false" hits="8" number="106"/>
<line branch="false" hits="8" number="108"/>
<line branch="false" hits="8" number="110"/>
<line branch="false" hits="4" number="112"/>
<line branch="false" hits="10" number="142"/>
<line branch="false" hits="10" number="147"/>
<line branch="false" hits="10" number="148"/>
<line branch="false" hits="10" number="150"/>
<line branch="false" hits="10" number="151"/>
<line branch="false" hits="10" number="152"/>
<line branch="false" hits="9" number="182"/>
<line branch="false" hits="9" number="186"/>
<line branch="false" hits="9" number="187"/>
<line branch="false" hits="9" number="188"/>
<line branch="false" hits="9" number="189"/>
</lines>
</class>
<class branch-rate="1.0" complexity="0.0" filename="source/rspp_detection_double_bounce_detector.cpp" line-rate="1.0" name="rspp_detection_double_bounce_detector_cpp">
<methods/>
<lines>
<line branch="false" hits="40" number="56"/>
<line branch="true" condition-coverage="100% (4/4)" hits="40" number="64">
<conditions>
<condition coverage="100%" number="0" type="jump"/>
</conditions>
</line>
<line branch="false" hits="27" number="66"/>
<line branch="false" hits="27" number="67"/>
<line branch="false" hits="27" number="68"/>
<line branch="true" condition-coverage="100% (2/2)" hits="27" number="70">
<conditions>
<condition coverage="100%" number="0" type="jump"/>
</conditions>
</line>
<line branch="false" hits="19" number="73"/>
<line branch="false" hits="19" number="75"/>
<line branch="false" hits="19" number="76"/>
<line branch="false" hits="19" number="77"/>
<line branch="false" hits="19" number="80"/>
<line branch="false" hits="19" number="81"/>
<line branch="false" hits="19" number="82"/>
<line branch="false" hits="19" number="84"/>
<line branch="true" condition-coverage="100% (2/2)" hits="19" number="86">
<conditions>
<condition coverage="100%" number="0" type="jump"/>
</conditions>
</line>
<line branch="false" hits="8" number="90"/>
<line branch="false" hits="8" number="91"/>
<line branch="false" hits="11" number="97"/>
<line branch="true" condition-coverage="100% (2/2)" hits="17" number="99">
<conditions>
<condition coverage="100%" number="0" type="jump"/>
</conditions>
</line>
<line branch="true" condition-coverage="100% (4/4)" hits="16" number="100">
<conditions>
<condition coverage="100%" number="0" type="jump"/>
</conditions>
</line>
<line branch="false" hits="5" number="101"/>
<line branch="true" condition-coverage="100% (4/4)" hits="7" number="104">
<conditions>
<condition coverage="100%" number="0" type="jump"/>
</conditions>
</line>
<line branch="false" hits="3" number="105"/>
<line branch="false" hits="2" number="108"/>
<line branch="false" hits="2" number="109"/>
<line branch="false" hits="40" number="115"/>
<line branch="false" hits="20" number="151"/>
<line branch="false" hits="20" number="159"/>
<line branch="true" condition-coverage="100% (2/2)" hits="67" number="162">
<conditions>
<condition coverage="100%" number="0" type="jump"/>
</conditions>
</line>
<line branch="true" condition-coverage="100% (4/4)" hits="93" number="164">
<conditions>
<condition coverage="100%" number="0" type="jump"/>
</conditions>
</line>
<line branch="true" condition-coverage="100% (2/2)" hits="91" number="165">
<conditions>
<condition coverage="100%" number="0" type="jump"/>
</conditions>
</line>
<line branch="false" hits="45" number="166"/>
<line branch="false" hits="44" number="168"/>
<line branch="false" hits="44" number="169"/>
<line branch="false" hits="44" number="170"/>
<line branch="false" hits="44" number="171"/>
<line branch="false" hits="44" number="172"/>
<line branch="true" condition-coverage="100% (2/2)" hits="420" number="177">
<conditions>
<condition coverage="100%" number="0" type="jump"/>
</conditions>
</line>
<line branch="true" condition-coverage="100% (2/2)" hits="200" number="179">
<conditions>
<condition coverage="100%" number="0" type="jump"/>
</conditions>
</line>
<line branch="false" hits="16" number="182"/>
<line branch="false" hits="16" number="183"/>
<line branch="true" condition-coverage="100% (2/2)" hits="16" number="185">
<conditions>
<condition coverage="100%" number="0" type="jump"/>
</conditions>
</line>
<line branch="true" condition-coverage="100% (2/2)" hits="63" number="187">
<conditions>
<condition coverage="100%" number="0" type="jump"/>
</conditions>
</line>
<line branch="false" hits="41" number="189"/>
<line branch="false" hits="41" number="190"/>
<line branch="true" condition-coverage="100% (2/2)" hits="41" number="195">
<conditions>
<condition coverage="100%" number="0" type="jump"/>
</conditions>
</line>
<line branch="false" hits="15" number="202"/>
<line branch="false" hits="15" number="203"/>
<line branch="false" hits="41" number="207"/>
<line branch="false" hits="41" number="208"/>
<line branch="true" condition-coverage="100% (2/2)" hits="41" number="210">
<conditions>
<condition coverage="100%" number="0" type="jump"/>
</conditions>
</line>
<line branch="true" condition-coverage="100% (4/4)" hits="40" number="218">
<conditions>
<condition coverage="100%" number="0" type="jump"/>
</conditions>
</line>
<line branch="false" hits="38" number="221"/>
<line branch="false" hits="38" number="222"/>
<line branch="false" hits="40" number="230"/>
<line branch="false" hits="20" number="235"/>
</lines>
</class>
<class branch-rate="1.0" complexity="0.0" filename="source/rspp_detection_multipath_filter.cpp" line-rate="1.0" name="rspp_detection_multipath_filter_cpp">
<methods/>
<lines>
<line branch="false" hits="47" number="62"/>
<line branch="true" condition-coverage="100% (4/4)" hits="47" number="69">
<conditions>
<condition coverage="100%" number="0" type="jump"/>
</conditions>
</line>
<line branch="true" condition-coverage="100% (2/2)" hits="15" number="71">
<conditions>
<condition coverage="100%" number="0" type="jump"/>
</conditions>
</line>
<line branch="false" hits="14" number="73"/>
<line branch="false" hits="14" number="74"/>
<line branch="false" hits="14" number="75"/>
<line branch="false" hits="14" number="77"/>
<line branch="false" hits="14" number="79"/>
<line branch="false" hits="14" number="80"/>
<line branch="true" condition-coverage="100% (2/2)" hits="14" number="82">
<conditions>
<condition coverage="100%" number="0" type="jump"/>
</conditions>
</line>
<line branch="true" condition-coverage="100% (2/2)" hits="69" number="84">
<conditions>
<condition coverage="100%" number="0" type="jump"/>
</conditions>
</line>
<line branch="false" hits="34" number="86"/>
<line branch="false" hits="34" number="87"/>
<line branch="false" hits="47" number="92"/>
<line branch="false" hits="14" number="134"/>
<line branch="false" hits="14" number="142"/>
<line branch="true" condition-coverage="100% (2/2)" hits="1414" number="144">
<conditions>
<condition coverage="100%" number="0" type="jump"/>
</conditions>
</line>
<line branch="true" condition-coverage="100% (2/2)" hits="1400" number="146">
<conditions>
<condition coverage="100%" number="0" type="jump"/>
</conditions>
</line>
<line branch="false" hits="475" number="148"/>
<line branch="false" hits="475" number="149"/>
<line branch="false" hits="14" number="152"/>
<line branch="false" hits="14" number="182"/>
<line branch="true" condition-coverage="100% (2/2)" hits="14" number="188">
<conditions>
<condition coverage="100%" number="0" type="jump"/>
</conditions>
</line>
<line branch="false" hits="2" number="190"/>
<line branch="false" hits="2" number="191"/>
<line branch="false" hits="2" number="192"/>
<line branch="false" hits="12" number="193"/>
<line branch="false" hits="12" number="194"/>
<line branch="false" hits="12" number="195"/>
<line branch="false" hits="14" number="198"/>
</lines>
</class>
<class branch-rate="1.0" complexity="0.0" filename="source/rspp_discard_detections_outside_sensor_fov.cpp" line-rate="1.0" name="rspp_discard_detections_outside_sensor_fov_cpp">
<methods/>
<lines>
<line branch="false" hits="7" number="46"/>
<line branch="true" condition-coverage="100% (2/2)" hits="25" number="50">
<conditions>
<condition coverage="100%" number="0" type="jump"/>
</conditions>
</line>
<line branch="false" hits="18" number="52"/>
<line branch="false" hits="18" number="53"/>
<line branch="false" hits="18" number="55"/>
<line branch="false" hits="18" number="56"/>
<line branch="false" hits="18" number="58"/>
<line branch="true" condition-coverage="100% (4/4)" hits="18" number="59">
<conditions>
<condition coverage="100%" number="0" type="jump"/>
</conditions>
</line>
<line branch="false" hits="4" number="63"/>
<line branch="false" hits="7" number="66"/>
</lines>
</class>
<class branch-rate="1.0" complexity="0.0" filename="source/rspp_ego_motion_compensate_dets.cpp" line-rate="1.0" name="rspp_ego_motion_compensate_dets_cpp">
<methods/>
<lines>
<line branch="false" hits="26" number="83"/>
<line branch="true" condition-coverage="100% (2/2)" hits="52" number="89">
<conditions>
<condition coverage="100%" number="0" type="jump"/>
</conditions>
</line>
<line branch="false" hits="26" number="91"/>
<line branch="false" hits="26" number="92"/>
<line branch="false" hits="26" number="93"/>
<line branch="false" hits="26" number="94"/>
<line branch="false" hits="26" number="96"/>
<line branch="false" hits="26" number="129"/>
<line branch="false" hits="52" number="135"/>
<line branch="false" hits="26" number="136"/>
<line branch="false" hits="26" number="139"/>
<line branch="false" hits="26" number="141"/>
<line branch="false" hits="26" number="143"/>
<line branch="false" hits="26" number="145"/>
<line branch="false" hits="26" number="146"/>
<line branch="false" hits="26" number="150"/>
<line branch="false" hits="26" number="184"/>
<line branch="false" hits="26" number="192"/>
<line branch="false" hits="26" number="194"/>
<line branch="false" hits="26" number="195"/>
<line branch="true" condition-coverage="100% (2/2)" hits="26" number="197">
<conditions>
<condition coverage="100%" number="0" type="jump"/>
</conditions>
</line>
<line branch="false" hits="25" number="199"/>
<line branch="true" condition-coverage="100% (2/2)" hits="25" number="202">
<conditions>
<condition coverage="100%" number="0" type="jump"/>
</conditions>
</line>
<line branch="false" hits="4" number="204"/>
<line branch="false" hits="4" number="205"/>
<line branch="true" condition-coverage="100% (2/2)" hits="21" number="209">
<conditions>
<condition coverage="100%" number="0" type="jump"/>
</conditions>
</line>
<line branch="false" hits="3" number="211"/>
<line branch="false" hits="3" number="212"/>
<line branch="true" condition-coverage="100% (4/4)" hits="50" number="222">
<conditions>
<condition coverage="100%" number="0" type="jump"/>
</conditions>
</line>
<line branch="false" hits="24" number="223"/>
<line branch="false" hits="15" number="225"/>
<line branch="false" hits="15" number="228"/>
<line branch="false" hits="11" number="233"/>
<line branch="false" hits="11" number="234"/>
<line branch="false" hits="11" number="237"/>
<line branch="true" condition-coverage="100% (2/2)" hits="26" number="240">
<conditions>
<condition coverage="100%" number="0" type="jump"/>
</conditions>
</line>
<line branch="false" hits="26" number="241"/>
<line branch="false" hits="26" number="282"/>
<line branch="false" hits="26" number="288"/>
<line branch="true" condition-coverage="100% (2/2)" hits="26" number="289">
<conditions>
<condition coverage="100%" number="0" type="jump"/>
</conditions>
</line>
<line branch="true" condition-coverage="100% (2/2)" hits="26" number="290">
<conditions>
<condition coverage="100%" number="0" type="jump"/>
</conditions>
</line>
<line branch="true" condition-coverage="100% (2/2)" hits="26" number="291">
<conditions>
<condition coverage="100%" number="0" type="jump"/>
</conditions>
</line>
<line branch="false" hits="26" number="325"/>
<line branch="false" hits="26" number="331"/>
<line branch="false" hits="78" number="333"/>
<line branch="false" hits="52" number="334"/>
<line branch="false" hits="26" number="335"/>
<line branch="false" hits="26" number="337"/>
<line branch="true" condition-coverage="100% (4/4)" hits="28" number="339">
<conditions>
<condition coverage="100%" number="0" type="jump"/>
</conditions>
</line>
<line branch="false" hits="27" number="340"/>
<line branch="false" hits="25" number="342"/>
<line branch="false" hits="26" number="344"/>
</lines>
</class>
<class branch-rate="1.0" complexity="0.0" filename="source/rspp_filter_detections_with_bad_azimuth_confidence.cpp" line-rate="1.0" name="rspp_filter_detections_with_bad_azimuth_confidence_cpp">
<methods/>
<lines>
<line branch="false" hits="3" number="49"/>
<line branch="true" condition-coverage="100% (2/2)" hits="33" number="55">
<conditions>
<condition coverage="100%" number="0" type="jump"/>
</conditions>
</line>
<line branch="false" hits="30" number="57"/>
<line branch="false" hits="3" number="59"/>
</lines>
</class>
<class branch-rate="0.0" complexity="0.0" filename="source/rspp_functional.h" line-rate="1.0" name="rspp_functional_h">
<methods/>
<lines>
<line branch="false" hits="118" number="40"/>
<line branch="false" hits="118" number="42"/>
<line branch="false" hits="9" number="66"/>
<line branch="false" hits="9" number="68"/>
</lines>
</class>
<class branch-rate="0.0" complexity="0.0" filename="source/rspp_get_version.cpp" line-rate="1.0" name="rspp_get_version_cpp">
<methods/>
<lines>
<line branch="false" hits="1" number="18"/>
<line branch="false" hits="1" number="20"/>
<line branch="false" hits="1" number="21"/>
<line branch="false" hits="1" number="22"/>
<line branch="false" hits="1" number="23"/>
<line branch="false" hits="1" number="24"/>
</lines>
</class>
<class branch-rate="1.0" complexity="0.0" filename="source/rspp_host_props_update.cpp" line-rate="1.0" name="rspp_host_props_update_cpp">
<methods/>
<lines>
<line branch="false" hits="15" number="55"/>
<line branch="false" hits="15" number="62"/>
<line branch="false" hits="15" number="63"/>
<line branch="false" hits="15" number="64"/>
<line branch="true" condition-coverage="100% (2/2)" hits="15" number="70">
<conditions>
<condition coverage="100%" number="0" type="jump"/>
</conditions>
</line>
<line branch="false" hits="4" number="72"/>
<line branch="false" hits="4" number="74"/>
<line branch="false" hits="4" number="75"/>
<line branch="false" hits="11" number="80"/>
<line branch="false" hits="11" number="81"/>
<line branch="false" hits="15" number="87"/>
<line branch="false" hits="15" number="88"/>
<line branch="false" hits="15" number="89"/>
<line branch="false" hits="15" number="90"/>
<line branch="false" hits="15" number="96"/>
<line branch="false" hits="15" number="98"/>
<line branch="false" hits="15" number="99"/>
<line branch="false" hits="15" number="103"/>
<line branch="false" hits="15" number="104"/>
<line branch="false" hits="15" number="105"/>
<line branch="false" hits="15" number="106"/>
<line branch="false" hits="15" number="110"/>
<line branch="false" hits="15" number="113"/>
<line branch="false" hits="15" number="114"/>
<line branch="false" hits="15" number="118"/>
<line branch="false" hits="15" number="121"/>
<line branch="false" hits="15" number="126"/>
<line branch="false" hits="15" number="127"/>
<line branch="false" hits="15" number="130"/>
<line branch="false" hits="15" number="131"/>
<line branch="false" hits="15" number="132"/>
<line branch="false" hits="15" number="133"/>
<line branch="false" hits="15" number="135"/>
<line branch="false" hits="15" number="136"/>
<line branch="false" hits="15" number="137"/>
<line branch="false" hits="15" number="143"/>
<line branch="false" hits="15" number="144"/>
<line branch="false" hits="15" number="147"/>
<line branch="false" hits="15" number="148"/>
<line branch="false" hits="15" number="149"/>
<line branch="false" hits="15" number="150"/>
<line branch="false" hits="15" number="152"/>
<line branch="false" hits="15" number="155"/>
<line branch="false" hits="15" number="156"/>
<line branch="false" hits="15" number="157"/>
<line branch="false" hits="15" number="158"/>
<line branch="false" hits="15" number="160"/>
<line branch="false" hits="15" number="164"/>
<line branch="false" hits="15" number="165"/>
<line branch="false" hits="15" number="166"/>
</lines>
</class>
<class branch-rate="0.96875" complexity="0.0" filename="source/rspp_input_sanity_check.cpp" line-rate="0.952380952381" name="rspp_input_sanity_check_cpp">
<methods/>
<lines>
<line branch="false" hits="29" number="47"/>
<line branch="true" condition-coverage="100% (2/2)" hits="29" number="50">
<conditions>
<condition coverage="100%" number="0" type="jump"/>
</conditions>
</line>
<line branch="true" condition-coverage="100% (2/2)" hits="78" number="53">
<conditions>
<condition coverage="100%" number="0" type="jump"/>
</conditions>
</line>
<line branch="true" condition-coverage="100% (4/4)" hits="28" number="55">
<conditions>
<condition coverage="100%" number="0" type="jump"/>
</conditions>
</line>
<line branch="false" hits="3" number="58"/>
<line branch="false" hits="3" number="59"/>
<line branch="true" condition-coverage="100% (2/2)" hits="609" number="64">
<conditions>
<condition coverage="100%" number="0" type="jump"/>
</conditions>
</line>
<line branch="true" condition-coverage="100% (4/4)" hits="406" number="67">
<conditions>
<condition coverage="100%" number="0" type="jump"/>
</conditions>
</line>
<line branch="true" condition-coverage="100% (4/4)" hits="337" number="68">
<conditions>
<condition coverage="100%" number="0" type="jump"/>
</conditions>
</line>
<line branch="true" condition-coverage="100% (4/4)" hits="318" number="69">
<conditions>
<condition coverage="100%" number="0" type="jump"/>
</conditions>
</line>
<line branch="true" condition-coverage="100% (4/4)" hits="300" number="70">
<conditions>
<condition coverage="100%" number="0" type="jump"/>
</conditions>
</line>
<line branch="true" condition-coverage="100% (2/2)" hits="193" number="71">
<conditions>
<condition coverage="100%" number="0" type="jump"/>
</conditions>
</line>
<line branch="false" hits="21" number="75"/>
<line branch="false" hits="21" number="76"/>
<line branch="false" hits="21" number="77"/>
<line branch="false" hits="21" number="78"/>
<line branch="false" hits="21" number="80"/>
<line branch="true" condition-coverage="100% (2/2)" hits="545693" number="84">
<conditions>
<condition coverage="100%" number="0" type="jump"/>
</conditions>
</line>
<line branch="true" condition-coverage="50% (1/2)" hits="272832" number="86">
<conditions>
<condition coverage="50%" number="0" type="jump"/>
</conditions>
</line>
<line branch="false" hits="0" number="90"/>
<line branch="false" hits="29" number="96"/>
</lines>
</class>
<class branch-rate="0.0" complexity="0.0" filename="source/rspp_inputs_preprocessing.cpp" line-rate="1.0" name="rspp_inputs_preprocessing_cpp">
<methods/>
<lines>
<line branch="false" hits="3" number="63"/>
<line branch="false" hits="3" number="70"/>
<line branch="false" hits="3" number="72"/>
<line branch="false" hits="3" number="73"/>
<line branch="false" hits="3" number="74"/>
<line branch="false" hits="3" number="75"/>
<line branch="false" hits="3" number="76"/>
<line branch="false" hits="3" number="77"/>
<line branch="false" hits="3" number="78"/>
<line branch="false" hits="3" number="79"/>
<line branch="false" hits="3" number="80"/>
<line branch="false" hits="3" number="81"/>
<line branch="false" hits="3" number="82"/>
<line branch="false" hits="3" number="83"/>
<line branch="false" hits="3" number="84"/>
</lines>
</class>
<class branch-rate="0.0" complexity="0.0" filename="source/rspp_iterator_detail.h" line-rate="1.0" name="rspp_iterator_detail_h">
<methods/>
<lines>
<line branch="false" hits="16" number="31"/>
<line branch="false" hits="16" number="33"/>
<line branch="false" hits="16" number="37"/>
<line branch="false" hits="16" number="39"/>
</lines>
</class>
<class branch-rate="0.0" complexity="0.0" filename="source/rspp_iterator.h" line-rate="1.0" name="rspp_iterator_h">
<methods/>
<lines>
<line branch="false" hits="16" number="38"/>
<line branch="false" hits="16" number="40"/>
<line branch="false" hits="16" number="60"/>
<line branch="false" hits="16" number="62"/>
</lines>
</class>
<class branch-rate="1.0" complexity="0.0" filename="source/rspp_math_func.cpp" line-rate="1.0" name="rspp_math_func_cpp">
<methods/>
<lines>
<line branch="false" hits="3" number="43"/>
<line branch="false" hits="3" number="47"/>
<line branch="false" hits="5" number="66"/>
<line branch="false" hits="5" number="70"/>
<line branch="false" hits="128" number="91"/>
<line branch="false" hits="128" number="96"/>
<line branch="false" hits="128" number="97"/>
<line branch="false" hits="128" number="98"/>
<line branch="false" hits="35" number="120"/>
<line branch="false" hits="35" number="129"/>
<line branch="true" condition-coverage="100% (2/2)" hits="35" number="130">
<conditions>
<condition coverage="100%" number="0" type="jump"/>
</conditions>
</line>
<line branch="false" hits="16" number="133"/>
<line branch="true" condition-coverage="100% (8/8)" hits="19" number="138">
<conditions>
<condition coverage="100%" number="0" type="jump"/>
</conditions>
</line>
<line branch="true" condition-coverage="100% (8/8)" hits="13" number="142">
<conditions>
<condition coverage="100%" number="0" type="jump"/>
</conditions>
</line>
<line branch="false" hits="6" number="148"/>
<line branch="false" hits="35" number="152"/>
<line branch="false" hits="24" number="174"/>
<line branch="false" hits="24" number="181"/>
<line branch="false" hits="24" number="183"/>
<line branch="false" hits="24" number="184"/>
<line branch="false" hits="24" number="186"/>
<line branch="false" hits="24" number="188"/>
<line branch="false" hits="4" number="212"/>
<line branch="false" hits="4" number="217"/>
<line branch="false" hits="3" number="244"/>
<line branch="false" hits="3" number="249"/>
<line branch="true" condition-coverage="100% (2/2)" hits="3" number="252">
<conditions>
<condition coverage="100%" number="0" type="jump"/>
</conditions>
</line>
<line branch="false" hits="1" number="254"/>
<line branch="true" condition-coverage="100% (2/2)" hits="2" number="256">
<conditions>
<condition coverage="100%" number="0" type="jump"/>
</conditions>
</line>
<line branch="false" hits="1" number="258"/>
<line branch="false" hits="3" number="265"/>
<line branch="false" hits="3" number="267"/>
<line branch="false" hits="19" number="286"/>
<line branch="false" hits="19" number="288"/>
<line branch="false" hits="2" number="317"/>
<line branch="true" condition-coverage="100% (2/2)" hits="2" number="319">
<conditions>
<condition coverage="100%" number="0" type="jump"/>
</conditions>
</line>
<line branch="false" hits="5" number="342"/>
<line branch="false" hits="5" number="346"/>
<line branch="false" hits="5" number="347"/>
<line branch="true" condition-coverage="100% (2/2)" hits="5" number="350">
<conditions>
<condition coverage="100%" number="0" type="jump"/>
</conditions>
</line>
<line branch="true" condition-coverage="100% (2/2)" hits="4" number="351">
<conditions>
<condition coverage="100%" number="0" type="jump"/>
</conditions>
</line>
<line branch="false" hits="5" number="354"/>
<line branch="false" hits="5" number="357"/>
<line branch="false" hits="5" number="358"/>
<line branch="true" condition-coverage="100% (2/2)" hits="50" number="359">
<conditions>
<condition coverage="100%" number="0" type="jump"/>
</conditions>
</line>
<line branch="false" hits="45" number="361"/>
<line branch="false" hits="5" number="363"/>
<line branch="false" hits="5" number="364"/>
<line branch="false" hits="121" number="396"/>
<line branch="false" hits="121" number="398"/>
<line branch="false" hits="15" number="435"/>
<line branch="false" hits="15" number="443"/>
<line branch="false" hits="15" number="444"/>
<line branch="false" hits="15" number="445"/>
<line branch="false" hits="15" number="446"/>
<line branch="false" hits="15" number="447"/>
<line branch="false" hits="15" number="448"/>
<line branch="false" hits="11" number="471"/>
<line branch="false" hits="11" number="477"/>
<line branch="false" hits="11" number="478"/>
<line branch="false" hits="11" number="479"/>
<line branch="false" hits="11" number="481"/>
<line branch="false" hits="11" number="483"/>
<line branch="false" hits="11" number="484"/>
<line branch="false" hits="1" number="519"/>
<line branch="false" hits="1" number="527"/>
<line branch="false" hits="1" number="528"/>
<line branch="false" hits="1" number="529"/>
<line branch="false" hits="4" number="566"/>
<line branch="false" hits="4" number="574"/>
<line branch="false" hits="4" number="575"/>
<line branch="false" hits="4" number="576"/>
<line branch="false" hits="10" number="604"/>
<line branch="true" condition-coverage="100% (4/4)" hits="10" number="608">
<conditions>
<condition coverage="100%" number="0" type="jump"/>
</conditions>
</line>
<line branch="false" hits="4" number="610"/>
<line branch="false" hits="4" number="611"/>
<line branch="false" hits="10" number="618"/>
<line branch="false" hits="13" number="650"/>
<line branch="true" condition-coverage="100% (2/2)" hits="13" number="654">
<conditions>
<condition coverage="100%" number="0" type="jump"/>
</conditions>
</line>
<line branch="true" condition-coverage="100% (2/2)" hits="8" number="656">
<conditions>
<condition coverage="100%" number="0" type="jump"/>
</conditions>
</line>
<line branch="false" hits="5" number="663"/>
<line branch="false" hits="13" number="671"/>
<line branch="false" hits="2" number="704"/>
<line branch="false" hits="2" number="714"/>
<line branch="false" hits="2" number="716"/>
<line branch="false" hits="2" number="717"/>
<line branch="false" hits="2" number="719"/>
<line branch="false" hits="4" number="754"/>
<line branch="false" hits="4" number="763"/>
<line branch="false" hits="4" number="764"/>
<line branch="false" hits="4" number="765"/>
<line branch="false" hits="3" number="794"/>
<line branch="false" hits="3" number="800"/>
<line branch="false" hits="4" number="836"/>
<line branch="false" hits="4" number="844"/>
<line branch="true" condition-coverage="100% (2/2)" hits="4" number="847">
<conditions>
<condition coverage="100%" number="0" type="jump"/>
</conditions>
</line>
<line branch="true" condition-coverage="100% (2/2)" hits="2" number="849">
<conditions>
<condition coverage="100%" number="0" type="jump"/>
</conditions>
</line>
<line branch="false" hits="1" number="855"/>
<line branch="false" hits="4" number="860"/>
<line branch="false" hits="4" number="861"/>
<line branch="false" hits="4" number="862"/>
<line branch="false" hits="2" number="895"/>
<line branch="false" hits="2" number="903"/>
<line branch="true" condition-coverage="100% (2/2)" hits="2" number="906">
<conditions>
<condition coverage="100%" number="0" type="jump"/>
</conditions>
</line>
<line branch="false" hits="1" number="909"/>
<line branch="false" hits="1" number="910"/>
<line branch="false" hits="1" number="914"/>
<line branch="false" hits="1" number="915"/>
<line branch="false" hits="2" number="918"/>
<line branch="false" hits="5" number="955"/>
<line branch="false" hits="5" number="965"/>
<line branch="false" hits="5" number="966"/>
<line branch="false" hits="5" number="967"/>
<line branch="true" condition-coverage="100% (2/2)" hits="5" number="970">
<conditions>
<condition coverage="100%" number="0" type="jump"/>
</conditions>
</line>
<line branch="true" condition-coverage="100% (2/2)" hits="2" number="972">
<conditions>
<condition coverage="100%" number="0" type="jump"/>
</conditions>
</line>
<line branch="false" hits="1" number="978"/>
<line branch="false" hits="5" number="986"/>
<line branch="false" hits="5" number="988"/>
<line branch="false" hits="5" number="990"/>
<line branch="true" condition-coverage="100% (2/2)" hits="5" number="993">
<conditions>
<condition coverage="100%" number="0" type="jump"/>
</conditions>
</line>
<line branch="false" hits="4" number="999"/>
<line branch="false" hits="4" number="1000"/>
<line branch="false" hits="4" number="1001"/>
<line branch="false" hits="4" number="1002"/>
<line branch="false" hits="5" number="1005"/>
</lines>
</class>
<class branch-rate="0.816326530612" complexity="0.0" filename="source/rspp_math_func.h" line-rate="1.0" name="rspp_math_func_h">
<methods/>
<lines>
<line branch="false" hits="38" number="57"/>
<line branch="false" hits="38" number="60"/>
<line branch="false" hits="38" number="61"/>
<line branch="false" hits="38" number="62"/>
<line branch="true" condition-coverage="75% (6/8)" hits="38" number="65">
<conditions>
<condition coverage="75%" number="0" type="jump"/>
</conditions>
</line>
<line branch="true" condition-coverage="75% (6/8)" hits="78" number="71">
<conditions>
<condition coverage="75%" number="0" type="jump"/>
</conditions>
</line>
<line branch="false" hits="12" number="73"/>
<line branch="false" hits="12" number="74"/>
<line branch="false" hits="12" number="75"/>
<line branch="true" condition-coverage="62% (5/8)" hits="12" number="76">
<conditions>
<condition coverage="62%" number="0" type="jump"/>
</conditions>
</line>
<line branch="false" hits="66" number="80"/>
<line branch="false" hits="66" number="81"/>
<line branch="false" hits="66" number="82"/>
<line branch="true" condition-coverage="62% (5/8)" hits="66" number="83">
<conditions>
<condition coverage="62%" number="0" type="jump"/>
</conditions>
</line>
<line branch="true" condition-coverage="75% (6/8)" hits="98" number="89">
<conditions>
<condition coverage="75%" number="0" type="jump"/>
</conditions>
</line>
<line branch="false" hits="30" number="91"/>
<line branch="false" hits="30" number="92"/>
<line branch="false" hits="30" number="93"/>
<line branch="true" condition-coverage="62% (5/8)" hits="112" number="96">
<conditions>
<condition coverage="62%" number="0" type="jump"/>
</conditions>
</line>
<line branch="false" hits="37" number="98"/>
<line branch="false" hits="37" number="99"/>
<line branch="false" hits="37" number="100"/>
<line branch="false" hits="38" number="102"/>
<line branch="false" hits="32" number="108"/>
<line branch="false" hits="32" number="111"/>
<line branch="true" condition-coverage="75% (6/8)" hits="81" number="114">
<conditions>
<condition coverage="75%" number="0" type="jump"/>
</conditions>
</line>
<line branch="true" condition-coverage="50% (4/8)" hits="49" number="116">
<conditions>
<condition coverage="50%" number="0" type="jump"/>
</conditions>
</line>
<line branch="false" hits="13" number="118"/>
<line branch="false" hits="13" number="119"/>
<line branch="false" hits="13" number="120"/>
<line branch="true" condition-coverage="75% (6/8)" hits="84" number="126">
<conditions>
<condition coverage="75%" number="0" type="jump"/>
</conditions>
</line>
<line branch="true" condition-coverage="75% (6/8)" hits="26" number="129">
<conditions>
<condition coverage="75%" number="0" type="jump"/>
</conditions>
</line>
<line branch="true" condition-coverage="75% (6/8)" hits="36" number="132">
<conditions>
<condition coverage="75%" number="0" type="jump"/>
</conditions>
</line>
<line branch="false" hits="12" number="135"/>
<line branch="false" hits="12" number="136"/>
<line branch="true" condition-coverage="75% (6/8)" hits="52" number="141">
<conditions>
<condition coverage="75%" number="0" type="jump"/>
</conditions>
</line>
<line branch="false" hits="26" number="143"/>
<line branch="false" hits="26" number="144"/>
<line branch="false" hits="26" number="149"/>
<line branch="false" hits="26" number="150"/>
<line branch="true" condition-coverage="62% (5/8)" hits="32" number="154">
<conditions>
<condition coverage="62%" number="0" type="jump"/>
</conditions>
</line>
<line branch="false" hits="2" number="156"/>
<line branch="false" hits="32" number="159"/>
<line branch="false" hits="29" number="181"/>
<line branch="true" condition-coverage="100% (6/6)" hits="81" number="193">
<conditions>
<condition coverage="100%" number="0" type="jump"/>
</conditions>
</line>
<line branch="true" condition-coverage="100% (6/6)" hits="324" number="195">
<conditions>
<condition coverage="100%" number="0" type="jump"/>
</conditions>
</line>
<line branch="true" condition-coverage="100% (6/6)" hits="904" number="198">
<conditions>
<condition coverage="100%" number="0" type="jump"/>
</conditions>
</line>
<line branch="false" hits="384" number="200"/>
<line branch="false" hits="136" number="202"/>
<line branch="false" hits="29" number="205"/>
<line branch="false" hits="29" number="233"/>
<line branch="true" condition-coverage="100% (6/6)" hits="81" number="245">
<conditions>
<condition coverage="100%" number="0" type="jump"/>
</conditions>
</line>
<line branch="true" condition-coverage="100% (6/6)" hits="252" number="248">
<conditions>
<condition coverage="100%" number="0" type="jump"/>
</conditions>
</line>
<line branch="true" condition-coverage="100% (6/6)" hits="616" number="251">
<conditions>
<condition coverage="100%" number="0" type="jump"/>
</conditions>
</line>
<line branch="false" hits="258" number="253"/>
<line branch="false" hits="100" number="255"/>
<line branch="false" hits="29" number="258"/>
<line branch="false" hits="35" number="290"/>
<line branch="true" condition-coverage="100% (4/4)" hits="35" number="297">
<conditions>
<condition coverage="100%" number="0" type="jump"/>
</conditions>
</line>
<line branch="true" condition-coverage="75% (3/4)" hits="33" number="302">
<conditions>
<condition coverage="75%" number="0" type="jump"/>
</conditions>
</line>
<line branch="true" condition-coverage="100% (4/4)" hits="248" number="305">
<conditions>
<condition coverage="100%" number="0" type="jump"/>
</conditions>
</line>
<line branch="false" hits="108" number="307"/>
<line branch="false" hits="108" number="308"/>
<line branch="true" condition-coverage="75% (3/4)" hits="32" number="311">
<conditions>
<condition coverage="75%" number="0" type="jump"/>
</conditions>
</line>
<line branch="false" hits="31" number="313"/>
<line branch="false" hits="1" number="318"/>
<line branch="true" condition-coverage="100% (4/4)" hits="248" number="321">
<conditions>
<condition coverage="100%" number="0" type="jump"/>
</conditions>
</line>
<line branch="false" hits="108" number="323"/>
<line branch="false" hits="108" number="324"/>
<line branch="false" hits="32" number="326"/>
<line branch="false" hits="35" number="333"/>
<line branch="false" hits="13" number="383"/>
<line branch="true" condition-coverage="100% (4/4)" hits="13" number="391">
<conditions>
<condition coverage="100%" number="0" type="jump"/>
</conditions>
</line>
<line branch="false" hits="2" number="396"/>
<line branch="true" condition-coverage="75% (3/4)" hits="11" number="398">
<conditions>
<condition coverage="75%" number="0" type="jump"/>
</conditions>
</line>
<line branch="false" hits="1" number="403"/>
<line branch="true" condition-coverage="100% (4/4)" hits="30" number="410">
<conditions>
<condition coverage="100%" number="0" type="jump"/>
</conditions>
</line>
<line branch="false" hits="10" number="412"/>
<line branch="false" hits="10" number="421"/>
<line branch="false" hits="10" number="422"/>
<line branch="false" hits="10" number="423"/>
<line branch="false" hits="10" number="424"/>
<line branch="false" hits="10" number="426"/>
<line branch="true" condition-coverage="75% (3/4)" hits="10" number="427">
<conditions>
<condition coverage="75%" number="0" type="jump"/>
</conditions>
</line>
<line branch="false" hits="1" number="430"/>
<line branch="false" hits="9" number="434"/>
<line branch="false" hits="9" number="435"/>
<line branch="false" hits="9" number="437"/>
<line branch="false" hits="13" number="441"/>
<line branch="false" hits="10" number="505"/>
<line branch="true" condition-coverage="100% (8/8)" hits="34" number="514">
<conditions>
<condition coverage="100%" number="0" type="jump"/>
</conditions>
</line>
<line branch="true" condition-coverage="100% (8/8)" hits="142" number="516">
<conditions>
<condition coverage="100%" number="0" type="jump"/>
</conditions>
</line>
<line branch="false" hits="59" number="518"/>
<line branch="false" hits="10" number="521"/>
<line branch="false" hits="16" number="618"/>
<line branch="false" hits="16" number="623"/>
<line branch="false" hits="16" number="624"/>
<line branch="false" hits="16" number="625"/>
<line branch="false" hits="11" number="647"/>
<line branch="true" condition-coverage="100% (2/2)" hits="11" number="650">
<conditions>
<condition coverage="100%" number="0" type="jump"/>
</conditions>
</line>
<line branch="false" hits="3" number="653"/>
<line branch="true" condition-coverage="100% (2/2)" hits="8" number="655">
<conditions>
<condition coverage="100%" number="0" type="jump"/>
</conditions>
</line>
<line branch="false" hits="4" number="656"/>
<line branch="false" hits="4" number="659"/>
<line branch="false" hits="4" number="660"/>
<line branch="false" hits="11" number="663"/>
</lines>
</class>
<class branch-rate="0.0" complexity="0.0" filename="source/rspp_norm_heading_angle.cpp" line-rate="1.0" name="rspp_norm_heading_angle_cpp">
<methods/>
<lines>
<line branch="false" hits="18" number="51"/>
<line branch="false" hits="18" number="61"/>
<line branch="false" hits="18" number="62"/>
<line branch="false" hits="18" number="63"/>
<line branch="false" hits="18" number="64"/>
<line branch="false" hits="18" number="66"/>
</lines>
</class>
<class branch-rate="1.0" complexity="0.0" filename="source/rspp_sensor_capability.cpp" line-rate="1.0" name="rspp_sensor_capability_cpp">
<methods/>
<lines>
<line branch="false" hits="12" number="64"/>
<line branch="false" hits="12" number="72"/>
<line branch="false" hits="12" number="73"/>
<line branch="false" hits="12" number="107"/>
<line branch="false" hits="12" number="115"/>
<line branch="false" hits="12" number="117"/>
<line branch="false" hits="12" number="119"/>
<line branch="false" hits="12" number="122"/>
<line branch="false" hits="12" number="124"/>
<line branch="false" hits="12" number="125"/>
<line branch="false" hits="12" number="126"/>
<line branch="false" hits="12" number="127"/>
<line branch="false" hits="12" number="129"/>
<line branch="false" hits="12" number="130"/>
<line branch="false" hits="12" number="131"/>
<line branch="false" hits="6" number="169"/>
<line branch="false" hits="6" number="178"/>
<line branch="false" hits="6" number="190"/>
<line branch="false" hits="6" number="191"/>
<line branch="false" hits="6" number="192"/>
<line branch="false" hits="6" number="193"/>
<line branch="false" hits="6" number="194"/>
<line branch="false" hits="6" number="195"/>
<line branch="false" hits="6" number="198"/>
<line branch="false" hits="6" number="199"/>
<line branch="false" hits="6" number="200"/>
<line branch="false" hits="6" number="201"/>
<line branch="false" hits="6" number="204"/>
<line branch="false" hits="6" number="205"/>
<line branch="false" hits="6" number="207"/>
<line branch="false" hits="6" number="208"/>
<line branch="false" hits="247" number="240"/>
<line branch="false" hits="247" number="250"/>
<line branch="false" hits="247" number="251"/>
<line branch="true" condition-coverage="100% (2/2)" hits="247" number="253">
<conditions>
<condition coverage="100%" number="0" type="jump"/>
</conditions>
</line>
<line branch="false" hits="242" number="259"/>
<line branch="false" hits="247" number="265"/>
<line branch="false" hits="247" number="266"/>
<line branch="false" hits="494" number="269"/>
<line branch="false" hits="247" number="270"/>
<line branch="false" hits="247" number="271"/>
<line branch="false" hits="5" number="311"/>
<line branch="false" hits="5" number="319"/>
<line branch="false" hits="5" number="322"/>
<line branch="false" hits="5" number="323"/>
<line branch="false" hits="5" number="328"/>
<line branch="false" hits="5" number="332"/>
<line branch="false" hits="5" number="333"/>
<line branch="false" hits="5" number="336"/>
<line branch="false" hits="5" number="339"/>
<line branch="false" hits="5" number="341"/>
<line branch="false" hits="5" number="344"/>
<line branch="false" hits="5" number="347"/>
<line branch="false" hits="5" number="348"/>
<line branch="false" hits="5" number="349"/>
<line branch="false" hits="5" number="350"/>
<line branch="false" hits="5" number="383"/>
<line branch="true" condition-coverage="100% (2/2)" hits="5" number="390">
<conditions>
<condition coverage="100%" number="0" type="jump"/>
</conditions>
</line>
<line branch="false" hits="1" number="392"/>
<line branch="false" hits="1" number="393"/>
<line branch="false" hits="4" number="397"/>
<line branch="false" hits="4" number="398"/>
<line branch="false" hits="5" number="400"/>
<line branch="false" hits="5" number="402"/>
<line branch="true" condition-coverage="100% (2/2)" hits="5" number="406">
<conditions>
<condition coverage="100%" number="0" type="jump"/>
</conditions>
</line>
<line branch="false" hits="2" number="409"/>
<line branch="false" hits="2" number="410"/>
<line branch="false" hits="2" number="411"/>
<line branch="false" hits="2" number="412"/>
<line branch="false" hits="2" number="413"/>
<line branch="false" hits="2" number="414"/>
<line branch="false" hits="2" number="415"/>
<line branch="false" hits="3" number="419"/>
<line branch="false" hits="3" number="420"/>
<line branch="false" hits="3" number="421"/>
<line branch="false" hits="3" number="422"/>
<line branch="false" hits="3" number="423"/>
<line branch="false" hits="3" number="424"/>
<line branch="false" hits="3" number="425"/>
<line branch="false" hits="5" number="427"/>
<line branch="false" hits="5" number="462"/>
<line branch="false" hits="5" number="471"/>
<line branch="false" hits="5" number="472"/>
<line branch="false" hits="5" number="473"/>
<line branch="false" hits="5" number="474"/>
<line branch="false" hits="5" number="475"/>
<line branch="false" hits="5" number="476"/>
<line branch="false" hits="5" number="477"/>
<line branch="false" hits="5" number="478"/>
<line branch="false" hits="9" number="520"/>
<line branch="false" hits="9" number="546"/>
<line branch="false" hits="9" number="547"/>
<line branch="false" hits="9" number="548"/>
<line branch="false" hits="9" number="549"/>
<line branch="false" hits="9" number="550"/>
<line branch="false" hits="9" number="551"/>
<line branch="false" hits="9" number="552"/>
<line branch="false" hits="9" number="553"/>
<line branch="false" hits="9" number="558"/>
<line branch="false" hits="9" number="563"/>
<line branch="false" hits="9" number="566"/>
<line branch="false" hits="9" number="567"/>
<line branch="false" hits="9" number="568"/>
<line branch="false" hits="9" number="572"/>
<line branch="false" hits="9" number="574"/>
<line branch="false" hits="9" number="576"/>
<line branch="false" hits="9" number="579"/>
<line branch="false" hits="9" number="581"/>
<line branch="false" hits="9" number="583"/>
<line branch="false" hits="9" number="586"/>
<line branch="false" hits="9" number="587"/>
<line branch="false" hits="9" number="588"/>
<line branch="false" hits="6" number="631"/>
<line branch="false" hits="6" number="652"/>
<line branch="false" hits="6" number="653"/>
<line branch="false" hits="6" number="654"/>
<line branch="false" hits="6" number="657"/>
<line branch="false" hits="6" number="658"/>
<line branch="false" hits="6" number="659"/>
<line branch="false" hits="6" number="660"/>
<line branch="false" hits="6" number="663"/>
<line branch="false" hits="6" number="664"/>
<line branch="false" hits="6" number="666"/>
<line branch="false" hits="6" number="667"/>
<line branch="false" hits="6" number="669"/>
<line branch="false" hits="6" number="678"/>
<line branch="false" hits="6" number="679"/>
<line branch="false" hits="6" number="680"/>
<line branch="false" hits="6" number="681"/>
<line branch="false" hits="6" number="682"/>
<line branch="false" hits="6" number="683"/>
<line branch="false" hits="5" number="725"/>
<line branch="false" hits="5" number="732"/>
<line branch="false" hits="5" number="737"/>
<line branch="false" hits="5" number="738"/>
<line branch="false" hits="5" number="739"/>
<line branch="false" hits="5" number="742"/>
<line branch="false" hits="5" number="743"/>
<line branch="false" hits="5" number="744"/>
<line branch="false" hits="5" number="754"/>
<line branch="false" hits="10" number="758"/>
<line branch="false" hits="5" number="759"/>
<line branch="false" hits="5" number="760"/>
<line branch="false" hits="4" number="800"/>
<line branch="false" hits="4" number="809"/>
<line branch="true" condition-coverage="100% (2/2)" hits="10" number="812">
<conditions>
<condition coverage="100%" number="0" type="jump"/>
</conditions>
</line>
<line branch="false" hits="6" number="814"/>
<line branch="true" condition-coverage="100% (2/2)" hits="84" number="818">
<conditions>
<condition coverage="100%" number="0" type="jump"/>
</conditions>
</line>
<line branch="false" hits="40" number="820"/>
<line branch="false" hits="4" number="822"/>
<line branch="false" hits="40" number="858"/>
<line branch="true" condition-coverage="100% (4/4)" hits="40" number="867">
<conditions>
<condition coverage="100%" number="0" type="jump"/>
</conditions>
</line>
<line branch="false" hits="2" number="869"/>
<line branch="false" hits="2" number="870"/>
<line branch="false" hits="2" number="872"/>
<line branch="false" hits="2" number="873"/>
<line branch="false" hits="2" number="875"/>
<line branch="false" hits="4" number="876"/>
<line branch="false" hits="2" number="878"/>
<line branch="false" hits="2" number="879"/>
<line branch="true" condition-coverage="100% (2/2)" hits="5" number="883">
<conditions>
<condition coverage="100%" number="0" type="jump"/>
</conditions>
</line>
<line branch="false" hits="3" number="885"/>
<line branch="false" hits="3" number="886"/>
<line branch="false" hits="3" number="891"/>
<line branch="false" hits="3" number="899"/>
<line branch="false" hits="3" number="900"/>
<line branch="false" hits="3" number="903"/>
<line branch="false" hits="3" number="912"/>
<line branch="false" hits="3" number="914"/>
<line branch="false" hits="3" number="922"/>
<line branch="false" hits="40" number="928"/>
<line branch="false" hits="3" number="958"/>
<line branch="false" hits="3" number="962"/>
<line branch="false" hits="2" number="993"/>
<line branch="false" hits="2" number="997"/>
<line branch="false" hits="2" number="998"/>
<line branch="false" hits="2" number="999"/>
<line branch="false" hits="2" number="1029"/>
<line branch="false" hits="2" number="1033"/>
<line branch="false" hits="2" number="1034"/>
<line branch="false" hits="2" number="1035"/>
<line branch="false" hits="6" number="1067"/>
<line branch="false" hits="6" number="1073"/>
<line branch="false" hits="6" number="1074"/>
<line branch="false" hits="6" number="1075"/>
<line branch="false" hits="6" number="1076"/>
</lines>
</class>
<class branch-rate="1.0" complexity="0.0" filename="source/rspp_set_default_flags_raw_detections.cpp" line-rate="1.0" name="rspp_set_default_flags_raw_detections_cpp">
<methods/>
<lines>
<line branch="false" hits="4" number="46"/>
<line branch="true" condition-coverage="100% (2/2)" hits="17" number="49">
<conditions>
<condition coverage="100%" number="0" type="jump"/>
</conditions>
</line>
<line branch="false" hits="13" number="51"/>
<line branch="false" hits="13" number="53"/>
<line branch="false" hits="13" number="54"/>
<line branch="false" hits="26" number="55"/>
<line branch="false" hits="4" number="57"/>
</lines>
</class>
<class branch-rate="0.0" complexity="0.0" filename="source/rspp_sort_data_type.h" line-rate="1.0" name="rspp_sort_data_type_h">
<methods/>
<lines>
<line branch="false" hits="118" number="53"/>
<line branch="false" hits="118" number="55"/>
<line branch="false" hits="9" number="87"/>
<line branch="false" hits="9" number="89"/>
</lines>
</class>
<class branch-rate="1.0" complexity="0.0" filename="source/rspp_statistical_tests.cpp" line-rate="1.0" name="rspp_statistical_tests_cpp">
<methods/>
<lines>
<line branch="false" hits="3" number="45"/>
<line branch="false" hits="3" number="49"/>
<line branch="true" condition-coverage="100% (2/2)" hits="3" number="53">
<conditions>
<condition coverage="100%" number="0" type="jump"/>
</conditions>
</line>
<line branch="false" hits="2" number="59"/>
<line branch="false" hits="2" number="61"/>
<line branch="false" hits="2" number="62"/>
<line branch="false" hits="3" number="65"/>
<line branch="false" hits="2" number="94"/>
<line branch="false" hits="2" number="99"/>
<line branch="false" hits="30" number="129"/>
<line branch="true" condition-coverage="100% (2/2)" hits="30" number="135">
<conditions>
<condition coverage="100%" number="0" type="jump"/>
</conditions>
</line>
<line branch="false" hits="30" number="137"/>
<line branch="true" condition-coverage="100% (4/4)" hits="30" number="139">
<conditions>
<condition coverage="100%" number="0" type="jump"/>
</conditions>
</line>
<line branch="false" hits="30" number="141"/>
</lines>
</class>
<class branch-rate="1.0" complexity="0.0" filename="source/rspp_try_to_dealiase_range_rate.cpp" line-rate="1.0" name="rspp_try_to_dealiase_range_rate_cpp">
<methods/>
<lines>
<line branch="false" hits="31" number="64"/>
<line branch="true" condition-coverage="100% (2/2)" hits="31" number="75">
<conditions>
<condition coverage="100%" number="0" type="jump"/>
</conditions>
</line>
<line branch="false" hits="15" number="82"/>
<line branch="false" hits="15" number="83"/>
<line branch="false" hits="31" number="86"/>
<line branch="false" hits="31" number="87"/>
<line branch="false" hits="31" number="88"/>
<line branch="false" hits="31" number="91"/>
<line branch="false" hits="31" number="92"/>
<line branch="false" hits="31" number="94"/>
<line branch="true" condition-coverage="100% (2/2)" hits="31" number="99">
<conditions>
<condition coverage="100%" number="0" type="jump"/>
</conditions>
</line>
<line branch="false" hits="5" number="102"/>
<line branch="true" condition-coverage="100% (2/2)" hits="26" number="104">
<conditions>
<condition coverage="100%" number="0" type="jump"/>
</conditions>
</line>
<line branch="false" hits="6" number="107"/>
<line branch="false" hits="6" number="108"/>
<line branch="false" hits="31" number="116"/>
<line branch="true" condition-coverage="100% (2/2)" hits="51" number="117">
<conditions>
<condition coverage="100%" number="0" type="jump"/>
</conditions>
</line>
<line branch="false" hits="38" number="119"/>
<line branch="false" hits="38" number="120"/>
<line branch="false" hits="38" number="122"/>
<line branch="true" condition-coverage="100% (2/2)" hits="38" number="124">
<conditions>
<condition coverage="100%" number="0" type="jump"/>
</conditions>
</line>
<line branch="false" hits="18" number="126"/>
<line branch="false" hits="18" number="127"/>
<line branch="false" hits="18" number="128"/>
<line branch="false" hits="18" number="129"/>
<line branch="false" hits="31" number="133"/>
</lines>
</class>
<class branch-rate="1.0" complexity="0.0" filename="source/rspp_uncertainty_propagation.cpp" line-rate="1.0" name="rspp_uncertainty_propagation_cpp">
<methods/>
<lines>
<line branch="false" hits="15" number="47"/>
<line branch="true" condition-coverage="100% (2/2)" hits="45" number="58">
<conditions>
<condition coverage="100%" number="0" type="jump"/>
</conditions>
</line>
<line branch="true" condition-coverage="100% (2/2)" hits="150" number="60">
<conditions>
<condition coverage="100%" number="0" type="jump"/>
</conditions>
</line>
<line branch="true" condition-coverage="100% (2/2)" hits="300" number="63">
<conditions>
<condition coverage="100%" number="0" type="jump"/>
</conditions>
</line>
<line branch="false" hits="120" number="65"/>
<line branch="false" hits="60" number="67"/>
<line branch="true" condition-coverage="100% (2/2)" hits="75" number="72">
<conditions>
<condition coverage="100%" number="0" type="jump"/>
</conditions>
</line>
<line branch="true" condition-coverage="100% (2/2)" hits="150" number="74">
<conditions>
<condition coverage="100%" number="0" type="jump"/>
</conditions>
</line>
<line branch="true" condition-coverage="100% (2/2)" hits="300" number="77">
<conditions>
<condition coverage="100%" number="0" type="jump"/>
</conditions>
</line>
<line branch="false" hits="120" number="80"/>
<line branch="false" hits="60" number="82"/>
<line branch="false" hits="15" number="85"/>
<line branch="false" hits="19" number="115"/>
<line branch="false" hits="19" number="118"/>
<line branch="true" condition-coverage="100% (2/2)" hits="57" number="120">
<conditions>
<condition coverage="100%" number="0" type="jump"/>
</conditions>
</line>
<line branch="true" condition-coverage="100% (2/2)" hits="190" number="122">
<conditions>
<condition coverage="100%" number="0" type="jump"/>
</conditions>
</line>
<line branch="false" hits="76" number="124"/>
<line branch="false" hits="19" number="127"/>
</lines>
</class>
<class branch-rate="1.0" complexity="0.0" filename="source/rspp_update_sensor_first_detection_index.cpp" line-rate="1.0" name="rspp_update_sensor_first_detection_index_cpp">
<methods/>
<lines>
<line branch="false" hits="38" number="51"/>
<line branch="true" condition-coverage="100% (2/2)" hits="38" number="57">
<conditions>
<condition coverage="100%" number="0" type="jump"/>
</conditions>
</line>
<line branch="false" hits="37" number="59"/>
<line branch="true" condition-coverage="100% (2/2)" hits="37" number="60">
<conditions>
<condition coverage="100%" number="0" type="jump"/>
</conditions>
</line>
<line branch="false" hits="36" number="62"/>
<line branch="false" hits="36" number="63"/>
<line branch="false" hits="36" number="64"/>
<line branch="false" hits="36" number="65"/>
<line branch="false" hits="38" number="68"/>
</lines>
</class>
<class branch-rate="1.0" complexity="0.0" filename="source/rspp_update_sensors.cpp" line-rate="1.0" name="rspp_update_sensors_cpp">
<methods/>
<lines>
<line branch="false" hits="3" number="51"/>
<line branch="true" condition-coverage="100% (2/2)" hits="33" number="57">
<conditions>
<condition coverage="100%" number="0" type="jump"/>
</conditions>
</line>
<line branch="false" hits="30" number="59"/>
<line branch="false" hits="3" number="62"/>
<line branch="false" hits="3" number="63"/>
<line branch="true" condition-coverage="100% (2/2)" hits="33" number="66">
<conditions>
<condition coverage="100%" number="0" type="jump"/>
</conditions>
</line>
<line branch="false" hits="30" number="68"/>
<line branch="false" hits="30" number="70"/>
<line branch="false" hits="30" number="71"/>
<line branch="false" hits="30" number="72"/>
<line branch="false" hits="3" number="74"/>
</lines>
</class>
<class branch-rate="0.0" complexity="0.0" filename="source/rspp_update_sensors_fov.cpp" line-rate="1.0" name="rspp_update_sensors_fov_cpp">
<methods/>
<lines>
<line branch="false" hits="32" number="47"/>
<line branch="false" hits="32" number="52"/>
<line branch="false" hits="32" number="53"/>
<line branch="false" hits="32" number="54"/>
<line branch="false" hits="32" number="55"/>
<line branch="false" hits="32" number="56"/>
<line branch="false" hits="32" number="57"/>
<line branch="false" hits="32" number="58"/>
<line branch="false" hits="32" number="59"/>
<line branch="false" hits="32" number="61"/>
<line branch="false" hits="32" number="62"/>
<line branch="false" hits="32" number="63"/>
<line branch="false" hits="32" number="64"/>
<line branch="false" hits="32" number="66"/>
<line branch="false" hits="32" number="67"/>
<line branch="false" hits="32" number="68"/>
<line branch="false" hits="32" number="69"/>
<line branch="false" hits="32" number="71"/>
<line branch="false" hits="32" number="72"/>
<line branch="false" hits="32" number="73"/>
<line branch="false" hits="32" number="74"/>
<line branch="false" hits="32" number="75"/>
<line branch="false" hits="32" number="76"/>
<line branch="false" hits="32" number="77"/>
<line branch="false" hits="32" number="78"/>
<line branch="false" hits="32" number="79"/>
</lines>
</class>
<class branch-rate="0.0" complexity="0.0" filename="source/rspp_update_sensors_time.cpp" line-rate="1.0" name="rspp_update_sensors_time_cpp">
<methods/>
<lines>
<line branch="false" hits="40" number="46"/>
<line branch="false" hits="40" number="51"/>
<line branch="false" hits="40" number="52"/>
<line branch="false" hits="40" number="53"/>
</lines>
</class>
<class branch-rate="0.6875" complexity="0.0" filename="source/rspp_update_sensors_valid_info.cpp" line-rate="1.0" name="rspp_update_sensors_valid_info_cpp">
<methods/>
<lines>
<line branch="false" hits="6" number="46"/>
<line branch="true" condition-coverage="75% (3/4)" hits="6" number="51">
<conditions>
<condition coverage="75%" number="0" type="jump"/>
</conditions>
</line>
<line branch="true" condition-coverage="75% (3/4)" hits="8" number="53">
<conditions>
<condition coverage="75%" number="0" type="jump"/>
</conditions>
</line>
<line branch="true" condition-coverage="50% (1/2)" hits="5" number="54">
<conditions>
<condition coverage="50%" number="0" type="jump"/>
</conditions>
</line>
<line branch="false" hits="1" number="55"/>
<line branch="false" hits="1" number="58"/>
<line branch="true" condition-coverage="50% (2/4)" hits="6" number="63">
<conditions>
<condition coverage="50%" number="0" type="jump"/>
</conditions>
</line>
<line branch="true" condition-coverage="100% (2/2)" hits="6" number="64">
<conditions>
<condition coverage="100%" number="0" type="jump"/>
</conditions>
</line>
<line branch="false" hits="3" number="65"/>
<line branch="false" hits="1" number="68"/>
<line branch="false" hits="6" number="76"/>
</lines>
</class>
<class branch-rate="1.0" complexity="0.0" filename="source/rspp_vcs_long_sorted_dets_support_functions.cpp" line-rate="1.0" name="rspp_vcs_long_sorted_dets_support_functions_cpp">
<methods/>
<lines>
<line branch="false" hits="11" number="50"/>
<line branch="false" hits="11" number="54"/>
<line branch="false" hits="11" number="57"/>
<line branch="false" hits="11" number="60"/>
<line branch="true" condition-coverage="100% (2/2)" hits="51" number="61">
<conditions>
<condition coverage="100%" number="0" type="jump"/>
</conditions>
</line>
<line branch="false" hits="40" number="63"/>
<line branch="false" hits="11" number="67"/>
<line branch="false" hits="11" number="68"/>
<line branch="true" condition-coverage="100% (2/2)" hits="11" number="70">
<conditions>
<condition coverage="100%" number="0" type="jump"/>
</conditions>
</line>
<line branch="false" hits="6" number="73"/>
<line branch="false" hits="6" number="74"/>
<line branch="false" hits="6" number="75"/>
<line branch="false" hits="6" number="76"/>
<line branch="false" hits="6" number="77"/>
<line branch="false" hits="6" number="79"/>
<line branch="false" hits="6" number="80"/>
<line branch="true" condition-coverage="100% (2/2)" hits="30" number="88">
<conditions>
<condition coverage="100%" number="0" type="jump"/>
</conditions>
</line>
<line branch="false" hits="24" number="90"/>
<line branch="false" hits="24" number="92"/>
<line branch="false" hits="24" number="99"/>
<line branch="false" hits="24" number="100"/>
<line branch="false" hits="6" number="104"/>
<line branch="false" hits="6" number="105"/>
<line branch="false" hits="6" number="106"/>
<line branch="false" hits="6" number="107"/>
<line branch="false" hits="6" number="109"/>
<line branch="false" hits="6" number="118"/>
<line branch="true" condition-coverage="100% (2/2)" hits="5" number="121">
<conditions>
<condition coverage="100%" number="0" type="jump"/>
</conditions>
</line>
<line branch="false" hits="4" number="124"/>
<line branch="false" hits="4" number="125"/>
<line branch="false" hits="4" number="126"/>
<line branch="false" hits="4" number="127"/>
<line branch="false" hits="4" number="128"/>
<line branch="false" hits="4" number="131"/>
<line branch="false" hits="4" number="132"/>
<line branch="false" hits="11" number="138"/>
<line branch="false" hits="40" number="174"/>
<line branch="false" hits="40" number="181"/>
<line branch="true" condition-coverage="100% (2/2)" hits="40" number="184">
<conditions>
<condition coverage="100%" number="0" type="jump"/>
</conditions>
</line>
<line branch="false" hits="216" number="186"/>
<line branch="true" condition-coverage="100% (2/2)" hits="216" number="187">
<conditions>
<condition coverage="100%" number="0" type="jump"/>
</conditions>
</line>
<line branch="true" condition-coverage="100% (2/2)" hits="214" number="189">
<conditions>
<condition coverage="100%" number="0" type="jump"/>
</conditions>
</line>
<line branch="false" hits="177" number="193"/>
<line branch="false" hits="177" number="197"/>
<line branch="false" hits="40" number="207"/>
<line branch="false" hits="16" number="236"/>
<line branch="false" hits="16" number="239"/>
<line branch="false" hits="16" number="241"/>
<line branch="false" hits="16" number="242"/>
<line branch="false" hits="16" number="246"/>
<line branch="false" hits="16" number="247"/>
<line branch="false" hits="3" number="278"/>
<line branch="false" hits="3" number="283"/>
<line branch="false" hits="3" number="287"/>
<line branch="true" condition-coverage="100% (2/2)" hits="65" number="288">
<conditions>
<condition coverage="100%" number="0" type="jump"/>
</conditions>
</line>
<line branch="false" hits="62" number="290"/>
<line branch="true" condition-coverage="100% (4/4)" hits="123" number="292">
<conditions>
<condition coverage="100%" number="0" type="jump"/>
</conditions>
</line>
<line branch="false" hits="61" number="293"/>
<line branch="false" hits="1" number="296"/>
<line branch="false" hits="1" number="297"/>
<line branch="true" condition-coverage="100% (2/2)" hits="61" number="299">
<conditions>
<condition coverage="100%" number="0" type="jump"/>
</conditions>
</line>
<line branch="false" hits="60" number="309"/>
<line branch="false" hits="3" number="313"/>
</lines>
</class>
</classes>
</package>
</packages>
</coverage>

